  GameManager.cpp
C:\Projects\Uni\AGCP\TurnBasedRPG\AdvancedGamesConsoleProject2\Project(RPG)\Project(RPG)\GameManager.cpp(3,10): warning C4067: unexpected tokens following preprocessor directive - expected a newline
C:\Program Files (x86)\Microsoft Visual Studio\2019\Enterprise\VC\Tools\MSVC\14.27.29110\include\utility(248,16): warning C4244: 'initializing': conversion from '_Ty' to '_Ty1', possible loss of data
          with
          [
              _Ty=int
          ]
          and
          [
              _Ty1=float
          ]
C:\Projects\Uni\AGCP\TurnBasedRPG\AdvancedGamesConsoleProject2\Project(RPG)\Project(RPG)\RenderObject.h(28): message : see reference to function template instantiation 'std::pair<float,float>::pair<int,int,0>(std::pair<int,int> &&) noexcept' being compiled
C:\Projects\Uni\AGCP\TurnBasedRPG\AdvancedGamesConsoleProject2\Project(RPG)\Project(RPG)\GameObjects.h(11): message : see reference to function template instantiation 'std::pair<float,float>::pair<int,int,0>(std::pair<int,int> &&) noexcept' being compiled
C:\Program Files (x86)\Microsoft Visual Studio\2019\Enterprise\VC\Tools\MSVC\14.27.29110\include\utility(248,1): warning C4244: 'initializing': conversion from '_Ty' to '_Ty2', possible loss of data
          with
          [
              _Ty=int
          ]
          and
          [
              _Ty2=float
          ]
C:\Program Files (x86)\Microsoft Visual Studio\2019\Enterprise\VC\Tools\MSVC\14.27.29110\include\utility(221,16): warning C4244: 'initializing': conversion from 'const _Ty1' to '_Ty1', possible loss of data
          with
          [
              _Ty1=float
          ]
          and
          [
              _Ty1=int
          ]
C:\Projects\Uni\AGCP\TurnBasedRPG\AdvancedGamesConsoleProject2\Project(RPG)\Project(RPG)\CombatScene.h(31): message : see reference to function template instantiation 'std::pair<int,int>::pair<float,float,0>(const std::pair<float,float> &) noexcept' being compiled
C:\Projects\Uni\AGCP\TurnBasedRPG\AdvancedGamesConsoleProject2\Project(RPG)\Project(RPG)\CombatScene.h(31): message : see reference to function template instantiation 'std::pair<int,int>::pair<float,float,0>(const std::pair<float,float> &) noexcept' being compiled
C:\Program Files (x86)\Microsoft Visual Studio\2019\Enterprise\VC\Tools\MSVC\14.27.29110\include\utility(221,1): warning C4244: 'initializing': conversion from 'const _Ty2' to '_Ty2', possible loss of data
          with
          [
              _Ty2=float
          ]
          and
          [
              _Ty2=int
          ]
C:\Program Files (x86)\Microsoft Visual Studio\2019\Enterprise\VC\Tools\MSVC\14.27.29110\include\utility(248,16): warning C4244: 'initializing': conversion from '_Ty' to '_Ty1', possible loss of data
          with
          [
              _Ty=double
          ]
          and
          [
              _Ty1=int
          ]
C:\Projects\Uni\AGCP\TurnBasedRPG\AdvancedGamesConsoleProject2\Project(RPG)\Project(RPG)\CombatScene.h(97): message : see reference to function template instantiation 'std::pair<int,int>::pair<double,double,0>(std::pair<double,double> &&) noexcept' being compiled
C:\Projects\Uni\AGCP\TurnBasedRPG\AdvancedGamesConsoleProject2\Project(RPG)\Project(RPG)\CombatScene.h(97): message : see reference to function template instantiation 'std::pair<int,int>::pair<double,double,0>(std::pair<double,double> &&) noexcept' being compiled
C:\Program Files (x86)\Microsoft Visual Studio\2019\Enterprise\VC\Tools\MSVC\14.27.29110\include\utility(248,1): warning C4244: 'initializing': conversion from '_Ty' to '_Ty2', possible loss of data
          with
          [
              _Ty=double
          ]
          and
          [
              _Ty2=int
          ]
  MainMenuScene.cpp
C:\Program Files (x86)\Microsoft Visual Studio\2019\Enterprise\VC\Tools\MSVC\14.27.29110\include\utility(248,16): warning C4244: 'initializing': conversion from '_Ty' to '_Ty1', possible loss of data
          with
          [
              _Ty=int
          ]
          and
          [
              _Ty1=float
          ]
C:\Projects\Uni\AGCP\TurnBasedRPG\AdvancedGamesConsoleProject2\Project(RPG)\Project(RPG)\RenderObject.h(28): message : see reference to function template instantiation 'std::pair<float,float>::pair<int,int,0>(std::pair<int,int> &&) noexcept' being compiled
C:\Projects\Uni\AGCP\TurnBasedRPG\AdvancedGamesConsoleProject2\Project(RPG)\Project(RPG)\GameObjects.h(11): message : see reference to function template instantiation 'std::pair<float,float>::pair<int,int,0>(std::pair<int,int> &&) noexcept' being compiled
C:\Program Files (x86)\Microsoft Visual Studio\2019\Enterprise\VC\Tools\MSVC\14.27.29110\include\utility(248,1): warning C4244: 'initializing': conversion from '_Ty' to '_Ty2', possible loss of data
          with
          [
              _Ty=int
          ]
          and
          [
              _Ty2=float
          ]
  OverworldMapScene.cpp
C:\Program Files (x86)\Microsoft Visual Studio\2019\Enterprise\VC\Tools\MSVC\14.27.29110\include\utility(248,16): warning C4244: 'initializing': conversion from '_Ty' to '_Ty1', possible loss of data
          with
          [
              _Ty=int
          ]
          and
          [
              _Ty1=float
          ]
C:\Projects\Uni\AGCP\TurnBasedRPG\AdvancedGamesConsoleProject2\Project(RPG)\Project(RPG)\RenderObject.h(28): message : see reference to function template instantiation 'std::pair<float,float>::pair<int,int,0>(std::pair<int,int> &&) noexcept' being compiled
C:\Projects\Uni\AGCP\TurnBasedRPG\AdvancedGamesConsoleProject2\Project(RPG)\Project(RPG)\GameObjects.h(11): message : see reference to function template instantiation 'std::pair<float,float>::pair<int,int,0>(std::pair<int,int> &&) noexcept' being compiled
C:\Program Files (x86)\Microsoft Visual Studio\2019\Enterprise\VC\Tools\MSVC\14.27.29110\include\utility(248,1): warning C4244: 'initializing': conversion from '_Ty' to '_Ty2', possible loss of data
          with
          [
              _Ty=int
          ]
          and
          [
              _Ty2=float
          ]
C:\Program Files (x86)\Microsoft Visual Studio\2019\Enterprise\VC\Tools\MSVC\14.27.29110\include\utility(221,16): warning C4244: 'initializing': conversion from 'const _Ty1' to '_Ty1', possible loss of data
          with
          [
              _Ty1=float
          ]
          and
          [
              _Ty1=int
          ]
C:\Projects\Uni\AGCP\TurnBasedRPG\AdvancedGamesConsoleProject2\Project(RPG)\Project(RPG)\CombatScene.h(31): message : see reference to function template instantiation 'std::pair<int,int>::pair<float,float,0>(const std::pair<float,float> &) noexcept' being compiled
C:\Projects\Uni\AGCP\TurnBasedRPG\AdvancedGamesConsoleProject2\Project(RPG)\Project(RPG)\CombatScene.h(31): message : see reference to function template instantiation 'std::pair<int,int>::pair<float,float,0>(const std::pair<float,float> &) noexcept' being compiled
C:\Program Files (x86)\Microsoft Visual Studio\2019\Enterprise\VC\Tools\MSVC\14.27.29110\include\utility(221,1): warning C4244: 'initializing': conversion from 'const _Ty2' to '_Ty2', possible loss of data
          with
          [
              _Ty2=float
          ]
          and
          [
              _Ty2=int
          ]
C:\Program Files (x86)\Microsoft Visual Studio\2019\Enterprise\VC\Tools\MSVC\14.27.29110\include\utility(248,16): warning C4244: 'initializing': conversion from '_Ty' to '_Ty1', possible loss of data
          with
          [
              _Ty=double
          ]
          and
          [
              _Ty1=int
          ]
C:\Projects\Uni\AGCP\TurnBasedRPG\AdvancedGamesConsoleProject2\Project(RPG)\Project(RPG)\CombatScene.h(97): message : see reference to function template instantiation 'std::pair<int,int>::pair<double,double,0>(std::pair<double,double> &&) noexcept' being compiled
C:\Projects\Uni\AGCP\TurnBasedRPG\AdvancedGamesConsoleProject2\Project(RPG)\Project(RPG)\CombatScene.h(97): message : see reference to function template instantiation 'std::pair<int,int>::pair<double,double,0>(std::pair<double,double> &&) noexcept' being compiled
C:\Program Files (x86)\Microsoft Visual Studio\2019\Enterprise\VC\Tools\MSVC\14.27.29110\include\utility(248,1): warning C4244: 'initializing': conversion from '_Ty' to '_Ty2', possible loss of data
          with
          [
              _Ty=double
          ]
          and
          [
              _Ty2=int
          ]
  Scene.cpp
C:\Projects\Uni\AGCP\TurnBasedRPG\AdvancedGamesConsoleProject2\Project(RPG)\Project(RPG)\Scene.cpp(20,14): warning C4244: 'initializing': conversion from 'double' to 'float', possible loss of data
C:\Projects\Uni\AGCP\TurnBasedRPG\AdvancedGamesConsoleProject2\Project(RPG)\Project(RPG)\Scene.cpp(43,53): warning C4244: '=': conversion from '_Ty1' to 'int', possible loss of data
          with
          [
              _Ty1=float
          ]
C:\Projects\Uni\AGCP\TurnBasedRPG\AdvancedGamesConsoleProject2\Project(RPG)\Project(RPG)\Scene.cpp(44,54): warning C4244: '=': conversion from '_Ty2' to 'int', possible loss of data
          with
          [
              _Ty2=float
          ]
C:\Projects\Uni\AGCP\TurnBasedRPG\AdvancedGamesConsoleProject2\Project(RPG)\Project(RPG)\Scene.cpp(45,43): warning C4244: '=': conversion from '_Ty1' to 'int', possible loss of data
          with
          [
              _Ty1=float
          ]
C:\Projects\Uni\AGCP\TurnBasedRPG\AdvancedGamesConsoleProject2\Project(RPG)\Project(RPG)\Scene.cpp(46,43): warning C4244: '=': conversion from '_Ty2' to 'int', possible loss of data
          with
          [
              _Ty2=float
          ]
C:\Projects\Uni\AGCP\TurnBasedRPG\AdvancedGamesConsoleProject2\Project(RPG)\Project(RPG)\Scene.cpp(49,50): warning C4244: '=': conversion from '_Ty1' to 'int', possible loss of data
          with
          [
              _Ty1=float
          ]
C:\Projects\Uni\AGCP\TurnBasedRPG\AdvancedGamesConsoleProject2\Project(RPG)\Project(RPG)\Scene.cpp(50,51): warning C4244: '=': conversion from '_Ty2' to 'int', possible loss of data
          with
          [
              _Ty2=float
          ]
C:\Program Files (x86)\Microsoft Visual Studio\2019\Enterprise\VC\Tools\MSVC\14.27.29110\include\utility(248,16): warning C4244: 'initializing': conversion from '_Ty' to '_Ty1', possible loss of data
          with
          [
              _Ty=int
          ]
          and
          [
              _Ty1=float
          ]
C:\Projects\Uni\AGCP\TurnBasedRPG\AdvancedGamesConsoleProject2\Project(RPG)\Project(RPG)\RenderObject.h(28): message : see reference to function template instantiation 'std::pair<float,float>::pair<int,int,0>(std::pair<int,int> &&) noexcept' being compiled
C:\Projects\Uni\AGCP\TurnBasedRPG\AdvancedGamesConsoleProject2\Project(RPG)\Project(RPG)\GameObjects.h(11): message : see reference to function template instantiation 'std::pair<float,float>::pair<int,int,0>(std::pair<int,int> &&) noexcept' being compiled
C:\Program Files (x86)\Microsoft Visual Studio\2019\Enterprise\VC\Tools\MSVC\14.27.29110\include\utility(248,1): warning C4244: 'initializing': conversion from '_Ty' to '_Ty2', possible loss of data
          with
          [
              _Ty=int
          ]
          and
          [
              _Ty2=float
          ]
C:\Program Files (x86)\Microsoft Visual Studio\2019\Enterprise\VC\Tools\MSVC\14.27.29110\include\utility(221,16): warning C4244: 'initializing': conversion from 'const _Ty1' to '_Ty1', possible loss of data
          with
          [
              _Ty1=float
          ]
          and
          [
              _Ty1=int
          ]
C:\Projects\Uni\AGCP\TurnBasedRPG\AdvancedGamesConsoleProject2\Project(RPG)\Project(RPG)\CombatScene.h(31): message : see reference to function template instantiation 'std::pair<int,int>::pair<float,float,0>(const std::pair<float,float> &) noexcept' being compiled
C:\Projects\Uni\AGCP\TurnBasedRPG\AdvancedGamesConsoleProject2\Project(RPG)\Project(RPG)\CombatScene.h(31): message : see reference to function template instantiation 'std::pair<int,int>::pair<float,float,0>(const std::pair<float,float> &) noexcept' being compiled
C:\Program Files (x86)\Microsoft Visual Studio\2019\Enterprise\VC\Tools\MSVC\14.27.29110\include\utility(221,1): warning C4244: 'initializing': conversion from 'const _Ty2' to '_Ty2', possible loss of data
          with
          [
              _Ty2=float
          ]
          and
          [
              _Ty2=int
          ]
C:\Program Files (x86)\Microsoft Visual Studio\2019\Enterprise\VC\Tools\MSVC\14.27.29110\include\utility(248,16): warning C4244: 'initializing': conversion from '_Ty' to '_Ty1', possible loss of data
          with
          [
              _Ty=double
          ]
          and
          [
              _Ty1=int
          ]
C:\Projects\Uni\AGCP\TurnBasedRPG\AdvancedGamesConsoleProject2\Project(RPG)\Project(RPG)\CombatScene.h(97): message : see reference to function template instantiation 'std::pair<int,int>::pair<double,double,0>(std::pair<double,double> &&) noexcept' being compiled
C:\Projects\Uni\AGCP\TurnBasedRPG\AdvancedGamesConsoleProject2\Project(RPG)\Project(RPG)\CombatScene.h(97): message : see reference to function template instantiation 'std::pair<int,int>::pair<double,double,0>(std::pair<double,double> &&) noexcept' being compiled
C:\Program Files (x86)\Microsoft Visual Studio\2019\Enterprise\VC\Tools\MSVC\14.27.29110\include\utility(248,1): warning C4244: 'initializing': conversion from '_Ty' to '_Ty2', possible loss of data
          with
          [
              _Ty=double
          ]
          and
          [
              _Ty2=int
          ]
  ShopScene.cpp
C:\Projects\Uni\AGCP\TurnBasedRPG\AdvancedGamesConsoleProject2\Project(RPG)\Project(RPG)\ShopScene.cpp(5,39): warning C4244: 'argument': conversion from 'time_t' to 'unsigned int', possible loss of data
C:\Projects\Uni\AGCP\TurnBasedRPG\AdvancedGamesConsoleProject2\Project(RPG)\Project(RPG)\ShopScene.cpp(29,27): error C2065: 'partyViewer': undeclared identifier
  main.cpp
C:\Program Files (x86)\Microsoft Visual Studio\2019\Enterprise\VC\Tools\MSVC\14.27.29110\include\utility(248,16): warning C4244: 'initializing': conversion from '_Ty' to '_Ty1', possible loss of data
          with
          [
              _Ty=int
          ]
          and
          [
              _Ty1=float
          ]
C:\Projects\Uni\AGCP\TurnBasedRPG\AdvancedGamesConsoleProject2\Project(RPG)\Project(RPG)\RenderObject.h(28): message : see reference to function template instantiation 'std::pair<float,float>::pair<int,int,0>(std::pair<int,int> &&) noexcept' being compiled
C:\Projects\Uni\AGCP\TurnBasedRPG\AdvancedGamesConsoleProject2\Project(RPG)\Project(RPG)\GameObjects.h(11): message : see reference to function template instantiation 'std::pair<float,float>::pair<int,int,0>(std::pair<int,int> &&) noexcept' being compiled
C:\Program Files (x86)\Microsoft Visual Studio\2019\Enterprise\VC\Tools\MSVC\14.27.29110\include\utility(248,1): warning C4244: 'initializing': conversion from '_Ty' to '_Ty2', possible loss of data
          with
          [
              _Ty=int
          ]
          and
          [
              _Ty2=float
          ]
C:\Program Files (x86)\Microsoft Visual Studio\2019\Enterprise\VC\Tools\MSVC\14.27.29110\include\utility(221,16): warning C4244: 'initializing': conversion from 'const _Ty1' to '_Ty1', possible loss of data
          with
          [
              _Ty1=float
          ]
          and
          [
              _Ty1=int
          ]
C:\Projects\Uni\AGCP\TurnBasedRPG\AdvancedGamesConsoleProject2\Project(RPG)\Project(RPG)\CombatScene.h(31): message : see reference to function template instantiation 'std::pair<int,int>::pair<float,float,0>(const std::pair<float,float> &) noexcept' being compiled
C:\Projects\Uni\AGCP\TurnBasedRPG\AdvancedGamesConsoleProject2\Project(RPG)\Project(RPG)\CombatScene.h(31): message : see reference to function template instantiation 'std::pair<int,int>::pair<float,float,0>(const std::pair<float,float> &) noexcept' being compiled
C:\Program Files (x86)\Microsoft Visual Studio\2019\Enterprise\VC\Tools\MSVC\14.27.29110\include\utility(221,1): warning C4244: 'initializing': conversion from 'const _Ty2' to '_Ty2', possible loss of data
          with
          [
              _Ty2=float
          ]
          and
          [
              _Ty2=int
          ]
C:\Program Files (x86)\Microsoft Visual Studio\2019\Enterprise\VC\Tools\MSVC\14.27.29110\include\utility(248,16): warning C4244: 'initializing': conversion from '_Ty' to '_Ty1', possible loss of data
          with
          [
              _Ty=double
          ]
          and
          [
              _Ty1=int
          ]
C:\Projects\Uni\AGCP\TurnBasedRPG\AdvancedGamesConsoleProject2\Project(RPG)\Project(RPG)\CombatScene.h(97): message : see reference to function template instantiation 'std::pair<int,int>::pair<double,double,0>(std::pair<double,double> &&) noexcept' being compiled
C:\Projects\Uni\AGCP\TurnBasedRPG\AdvancedGamesConsoleProject2\Project(RPG)\Project(RPG)\CombatScene.h(97): message : see reference to function template instantiation 'std::pair<int,int>::pair<double,double,0>(std::pair<double,double> &&) noexcept' being compiled
C:\Program Files (x86)\Microsoft Visual Studio\2019\Enterprise\VC\Tools\MSVC\14.27.29110\include\utility(248,1): warning C4244: 'initializing': conversion from '_Ty' to '_Ty2', possible loss of data
          with
          [
              _Ty=double
          ]
          and
          [
              _Ty2=int
          ]
  Generating Code...
