c:\projects\uni\agcp\turnbasedrpg\advancedgamesconsoleproject2\project(rpg)\project(rpg)\x64\debug\vc142.pdb
c:\projects\uni\agcp\turnbasedrpg\advancedgamesconsoleproject2\project(rpg)\project(rpg)\x64\debug\vc142.idb
c:\projects\uni\agcp\turnbasedrpg\advancedgamesconsoleproject2\project(rpg)\project(rpg)\x64\debug\weapon.obj
c:\projects\uni\agcp\turnbasedrpg\advancedgamesconsoleproject2\project(rpg)\project(rpg)\x64\debug\spritesheet.obj
c:\projects\uni\agcp\turnbasedrpg\advancedgamesconsoleproject2\project(rpg)\project(rpg)\x64\debug\shop.obj
c:\projects\uni\agcp\turnbasedrpg\advancedgamesconsoleproject2\project(rpg)\project(rpg)\x64\debug\renderobject.obj
c:\projects\uni\agcp\turnbasedrpg\advancedgamesconsoleproject2\project(rpg)\project(rpg)\x64\debug\player.obj
c:\projects\uni\agcp\turnbasedrpg\advancedgamesconsoleproject2\project(rpg)\project(rpg)\x64\debug\item.obj
c:\projects\uni\agcp\turnbasedrpg\advancedgamesconsoleproject2\project(rpg)\project(rpg)\x64\debug\inventory.obj
c:\projects\uni\agcp\turnbasedrpg\advancedgamesconsoleproject2\project(rpg)\project(rpg)\x64\debug\consumable.obj
c:\projects\uni\agcp\turnbasedrpg\advancedgamesconsoleproject2\project(rpg)\project(rpg)\x64\debug\armour.obj
c:\projects\uni\agcp\turnbasedrpg\advancedgamesconsoleproject2\project(rpg)\project(rpg)\x64\debug\animation.obj
c:\projects\uni\agcp\turnbasedrpg\advancedgamesconsoleproject2\project(rpg)\project(rpg)\x64\debug\interface.obj
c:\projects\uni\agcp\turnbasedrpg\advancedgamesconsoleproject2\project(rpg)\project(rpg)\x64\debug\character.obj
c:\projects\uni\agcp\turnbasedrpg\advancedgamesconsoleproject2\project(rpg)\project(rpg)\x64\debug\card.obj
c:\projects\uni\agcp\turnbasedrpg\advancedgamesconsoleproject2\project(rpg)\project(rpg)\x64\debug\main.obj
c:\projects\uni\agcp\turnbasedrpg\advancedgamesconsoleproject2\project(rpg)\project(rpg)\x64\debug\shopscene.obj
c:\projects\uni\agcp\turnbasedrpg\advancedgamesconsoleproject2\project(rpg)\project(rpg)\x64\debug\scene.obj
c:\projects\uni\agcp\turnbasedrpg\advancedgamesconsoleproject2\project(rpg)\project(rpg)\x64\debug\mainmenuscene.obj
c:\projects\uni\agcp\turnbasedrpg\advancedgamesconsoleproject2\project(rpg)\project(rpg)\x64\debug\gamemanager.obj
c:\projects\uni\agcp\turnbasedrpg\advancedgamesconsoleproject2\project(rpg)\project(rpg)\x64\debug\combatscene.obj
c:\projects\uni\agcp\turnbasedrpg\advancedgamesconsoleproject2\project(rpg)\x64\debug\project(rpg).exe
c:\projects\uni\agcp\turnbasedrpg\advancedgamesconsoleproject2\project(rpg)\x64\debug\project(rpg).ilk
c:\projects\uni\agcp\turnbasedrpg\advancedgamesconsoleproject2\project(rpg)\x64\debug\project(rpg).pdb
c:\projects\uni\agcp\turnbasedrpg\advancedgamesconsoleproject2\project(rpg)\project(rpg)\x64\debug\project(rpg).tlog\cl.command.1.tlog
c:\projects\uni\agcp\turnbasedrpg\advancedgamesconsoleproject2\project(rpg)\project(rpg)\x64\debug\project(rpg).tlog\cl.read.1.tlog
c:\projects\uni\agcp\turnbasedrpg\advancedgamesconsoleproject2\project(rpg)\project(rpg)\x64\debug\project(rpg).tlog\cl.write.1.tlog
c:\projects\uni\agcp\turnbasedrpg\advancedgamesconsoleproject2\project(rpg)\project(rpg)\x64\debug\project(rpg).tlog\link.command.1.tlog
c:\projects\uni\agcp\turnbasedrpg\advancedgamesconsoleproject2\project(rpg)\project(rpg)\x64\debug\project(rpg).tlog\link.read.1.tlog
c:\projects\uni\agcp\turnbasedrpg\advancedgamesconsoleproject2\project(rpg)\project(rpg)\x64\debug\project(rpg).tlog\link.write.1.tlog
